I tensorflow/stream_executor/dso_loader.cc:135] successfully opened CUDA library libcublas.so.8.0 locally
I tensorflow/stream_executor/dso_loader.cc:126] Couldn't open CUDA library libcudnn.so.5. LD_LIBRARY_PATH: 
I tensorflow/stream_executor/cuda/cuda_dnn.cc:3517] Unable to load cuDNN DSO
I tensorflow/stream_executor/dso_loader.cc:135] successfully opened CUDA library libcufft.so.8.0 locally
I tensorflow/stream_executor/dso_loader.cc:135] successfully opened CUDA library libcuda.so.1 locally
I tensorflow/stream_executor/dso_loader.cc:135] successfully opened CUDA library libcurand.so.8.0 locally
======== FLAGS ========
vocab_size=10050
learning_rate_decay_factor=0.83
dump_lstm_output=dump_lstm.pb
test_path=./test
keep_prob=0.5
patience=10
num_layers=2
size=300
saved_model_dir=../model/model_ptb/saved_model
print_beam=False
dev_path=../data/ptb/valid
model_dir=../model/model_ptb
summary_dir=../model/model_ptb/saved_model
force_decode_output=force_decode.txt
beam_step=3
profile=False
saveCheckpoint=True
fromScratch=True
learning_rate=0.5
L=100
batch_size=64
N=000
topk=3
data_cache_dir=../model/model_ptb/data_cache
max_gradient_norm=5.0
no_repeat=False
n_bucket=10
allow_growth=False
withAdagrad=True
mode=TRAIN
beam_size=10
train_path=../data/ptb/train
n_epoch=4
======== READ DATA ========
read raw data from ../model/model_ptb/data_cache/train.ids
read raw data from ../model/model_ptb/data_cache/dev.ids
running_sum [(length, count)] :
[(3, 150), (4, 419), (5, 688), (6, 1137), (7, 1621), (8, 2263), (9, 2998), (10, 3936), (11, 4930), (12, 6041), (13, 7271), (14, 8759), (15, 10259), (16, 11829), (17, 13443), (18, 15160), (19, 16830), (20, 18524), (21, 20245), (22, 21936), (23, 23576), (24, 25269), (25, 26929), (26, 28403), (27, 29899), (28, 31404), (29, 32794), (30, 34082), (31, 35285), (32, 36467), (33, 37519), (34, 38418), (35, 39253), (36, 39987), (37, 40633), (38, 41260), (39, 41797), (40, 42270), (41, 42718), (42, 43061), (43, 43369), (44, 43683), (45, 43954), (46, 44163), (47, 44367), (48, 44517), (49, 44647), (50, 44764), (51, 44861), (52, 44936), (53, 45003), (54, 45065), (55, 45116), (56, 45170), (57, 45203), (58, 45229), (59, 45266), (60, 45286), (61, 45302), (62, 45316), (63, 45336), (64, 45349), (65, 45364), (66, 45372), (67, 45384), (68, 45391), (69, 45393), (70, 45397), (71, 45406), (72, 45412), (73, 45413), (74, 45415), (75, 45418), (76, 45421), (77, 45423), (78, 45428), (79, 45431), (80, 45433), (81, 45434), (83, 45435), (85, 45437), (86, 45438)]
======== REPORT ========
real_vocab_size: 10003
_buckets: [11, 15, 19, 22, 26, 29, 35, 41, 49, 86]
Train:
total: 42068.0
bucket sizes: [4570, 4898, 6084, 4741, 5964, 4090, 5986, 3210, 1784, 741]
Dev:
total: 3370
bucket sizes: [360, 431, 487, 365, 503, 301, 473, 255, 145, 50]
Steps_per_epoch: 657
Total_steps:2628
Steps_per_checkpoint: 328
======== IN TENSORFLOW ========
W tensorflow/core/platform/cpu_feature_guard.cc:45] The TensorFlow library wasn't compiled to use SSE3 instructions, but these are available on your machine and could speed up CPU computations.
W tensorflow/core/platform/cpu_feature_guard.cc:45] The TensorFlow library wasn't compiled to use SSE4.1 instructions, but these are available on your machine and could speed up CPU computations.
W tensorflow/core/platform/cpu_feature_guard.cc:45] The TensorFlow library wasn't compiled to use SSE4.2 instructions, but these are available on your machine and could speed up CPU computations.
W tensorflow/core/platform/cpu_feature_guard.cc:45] The TensorFlow library wasn't compiled to use AVX instructions, but these are available on your machine and could speed up CPU computations.
W tensorflow/core/platform/cpu_feature_guard.cc:45] The TensorFlow library wasn't compiled to use AVX2 instructions, but these are available on your machine and could speed up CPU computations.
W tensorflow/core/platform/cpu_feature_guard.cc:45] The TensorFlow library wasn't compiled to use FMA instructions, but these are available on your machine and could speed up CPU computations.
I tensorflow/core/common_runtime/gpu/gpu_device.cc:885] Found device 0 with properties: 
name: Tesla M40
major: 5 minor: 2 memoryClockRate (GHz) 1.112
pciBusID 0000:82:00.0
Total memory: 11.17GiB
Free memory: 11.07GiB
I tensorflow/core/common_runtime/gpu/gpu_device.cc:906] DMA: 0 
I tensorflow/core/common_runtime/gpu/gpu_device.cc:916] 0:   Y 
I tensorflow/core/common_runtime/gpu/gpu_device.cc:975] Creating TensorFlow device (/gpu:0) -> (device: 0, name: Tesla M40, pci bus id: 0000:82:00.0)
======== MODEL/SUMMARY/WRITER ========
Creating Model.. (this can take a few minutes)
Traceback (most recent call last):
  File "../python/run.py", line 513, in <module>
    tf.app.run()
  File "/usr/lib/python2.7/site-packages/tensorflow/python/platform/app.py", line 44, in run
    _sys.exit(main(_sys.argv[:1] + flags_passthrough))
  File "../python/run.py", line 501, in main
    train()
  File "../python/run.py", line 226, in train
    model = create_model(sess, run_options, run_metadata)
  File "../python/run.py", line 156, in create_model
    run_metadata = run_metadata
  File "/data1/yingjie10/extrackrnn/RNNLM/python/seqModel.py", line 141, in __init__
    self.model_with_buckets(self.inputs_embed, self.targets, self.target_weights, self.buckets, single_cell, dtype, devices = devices)
  File "/data1/yingjie10/extrackrnn/RNNLM/python/seqModel.py", line 507, in model_with_buckets
    _hts, _ = tf.contrib.rnn.static_rnn(cell,inputs[:bucket],initial_state = init_state)
  File "/usr/lib/python2.7/site-packages/tensorflow/contrib/rnn/python/ops/core_rnn.py", line 197, in static_rnn
    (output, state) = call_cell()
  File "/usr/lib/python2.7/site-packages/tensorflow/contrib/rnn/python/ops/core_rnn.py", line 184, in <lambda>
    call_cell = lambda: cell(input_, state)
  File "/usr/lib/python2.7/site-packages/tensorflow/contrib/rnn/python/ops/core_rnn_cell_impl.py", line 524, in __call__
    output, new_state = self._cell(inputs, state, scope)
  File "/usr/lib/python2.7/site-packages/tensorflow/contrib/rnn/python/ops/core_rnn_cell_impl.py", line 655, in __call__
    cur_inp, new_state = cell(cur_inp, cur_state)
  File "/usr/lib/python2.7/site-packages/tensorflow/contrib/rnn/python/ops/core_rnn_cell_impl.py", line 524, in __call__
    output, new_state = self._cell(inputs, state, scope)
  File "/usr/lib/python2.7/site-packages/tensorflow/contrib/rnn/python/ops/core_rnn_cell_impl.py", line 338, in __call__
    scope=scope)
  File "/usr/lib/python2.7/site-packages/tensorflow/contrib/rnn/python/ops/core_rnn_cell_impl.py", line 751, in _linear
    res = math_ops.matmul(array_ops.concat(args, 1), weights)
  File "/usr/lib/python2.7/site-packages/tensorflow/python/ops/math_ops.py", line 1855, in matmul
    a, b, transpose_a=transpose_a, transpose_b=transpose_b, name=name)
  File "/usr/lib/python2.7/site-packages/tensorflow/python/ops/gen_math_ops.py", line 1454, in _mat_mul
    transpose_b=transpose_b, name=name)
  File "/usr/lib/python2.7/site-packages/tensorflow/python/framework/op_def_library.py", line 763, in apply_op
    op_def=op_def)
  File "/usr/lib/python2.7/site-packages/tensorflow/python/framework/ops.py", line 2397, in create_op
    set_shapes_for_outputs(ret)
  File "/usr/lib/python2.7/site-packages/tensorflow/python/framework/ops.py", line 1757, in set_shapes_for_outputs
    shapes = shape_func(op)
  File "/usr/lib/python2.7/site-packages/tensorflow/python/framework/ops.py", line 1707, in call_with_requiring
    return call_cpp_shape_fn(op, require_shape_fn=True)
  File "/usr/lib/python2.7/site-packages/tensorflow/python/framework/common_shapes.py", line 610, in call_cpp_shape_fn
    debug_python_shape_fn, require_shape_fn)
  File "/usr/lib/python2.7/site-packages/tensorflow/python/framework/common_shapes.py", line 638, in _call_cpp_shape_fn_impl
    node_def_str = op.node_def.SerializeToString()
KeyboardInterrupt
I tensorflow/stream_executor/dso_loader.cc:135] successfully opened CUDA library libcublas.so.8.0 locally
I tensorflow/stream_executor/dso_loader.cc:126] Couldn't open CUDA library libcudnn.so.5. LD_LIBRARY_PATH: 
I tensorflow/stream_executor/cuda/cuda_dnn.cc:3517] Unable to load cuDNN DSO
I tensorflow/stream_executor/dso_loader.cc:135] successfully opened CUDA library libcufft.so.8.0 locally
I tensorflow/stream_executor/dso_loader.cc:135] successfully opened CUDA library libcuda.so.1 locally
I tensorflow/stream_executor/dso_loader.cc:135] successfully opened CUDA library libcurand.so.8.0 locally
======== FLAGS ========
vocab_size=10050
learning_rate_decay_factor=0.83
dump_lstm_output=dump_lstm.pb
test_path=./test
keep_prob=0.5
patience=10
num_layers=2
size=300
saved_model_dir=../model/model_ptb/saved_model
print_beam=False
dev_path=../data/ptb/valid
model_dir=../model/model_ptb
summary_dir=../model/model_ptb/saved_model
force_decode_output=force_decode.txt
beam_step=3
profile=False
saveCheckpoint=True
fromScratch=True
learning_rate=0.5
L=100
batch_size=64
N=000
topk=3
data_cache_dir=../model/model_ptb/data_cache
max_gradient_norm=5.0
no_repeat=False
n_bucket=10
allow_growth=False
withAdagrad=True
mode=TRAIN
beam_size=10
train_path=../data/ptb/train
n_epoch=4
======== READ DATA ========
read raw data from ../model/model_ptb/data_cache/train.ids
read raw data from ../model/model_ptb/data_cache/dev.ids
running_sum [(length, count)] :
[(3, 150), (4, 419), (5, 688), (6, 1137), (7, 1621), (8, 2263), (9, 2998), (10, 3936), (11, 4930), (12, 6041), (13, 7271), (14, 8759), (15, 10259), (16, 11829), (17, 13443), (18, 15160), (19, 16830), (20, 18524), (21, 20245), (22, 21936), (23, 23576), (24, 25269), (25, 26929), (26, 28403), (27, 29899), (28, 31404), (29, 32794), (30, 34082), (31, 35285), (32, 36467), (33, 37519), (34, 38418), (35, 39253), (36, 39987), (37, 40633), (38, 41260), (39, 41797), (40, 42270), (41, 42718), (42, 43061), (43, 43369), (44, 43683), (45, 43954), (46, 44163), (47, 44367), (48, 44517), (49, 44647), (50, 44764), (51, 44861), (52, 44936), (53, 45003), (54, 45065), (55, 45116), (56, 45170), (57, 45203), (58, 45229), (59, 45266), (60, 45286), (61, 45302), (62, 45316), (63, 45336), (64, 45349), (65, 45364), (66, 45372), (67, 45384), (68, 45391), (69, 45393), (70, 45397), (71, 45406), (72, 45412), (73, 45413), (74, 45415), (75, 45418), (76, 45421), (77, 45423), (78, 45428), (79, 45431), (80, 45433), (81, 45434), (83, 45435), (85, 45437), (86, 45438)]
======== REPORT ========
real_vocab_size: 10003
_buckets: [11, 15, 19, 22, 26, 29, 35, 41, 49, 86]
Train:
total: 42068.0
bucket sizes: [4570, 4898, 6084, 4741, 5964, 4090, 5986, 3210, 1784, 741]
Dev:
total: 3370
bucket sizes: [360, 431, 487, 365, 503, 301, 473, 255, 145, 50]
Steps_per_epoch: 657
Total_steps:2628
Steps_per_checkpoint: 328
======== IN TENSORFLOW ========
W tensorflow/core/platform/cpu_feature_guard.cc:45] The TensorFlow library wasn't compiled to use SSE3 instructions, but these are available on your machine and could speed up CPU computations.
W tensorflow/core/platform/cpu_feature_guard.cc:45] The TensorFlow library wasn't compiled to use SSE4.1 instructions, but these are available on your machine and could speed up CPU computations.
W tensorflow/core/platform/cpu_feature_guard.cc:45] The TensorFlow library wasn't compiled to use SSE4.2 instructions, but these are available on your machine and could speed up CPU computations.
W tensorflow/core/platform/cpu_feature_guard.cc:45] The TensorFlow library wasn't compiled to use AVX instructions, but these are available on your machine and could speed up CPU computations.
W tensorflow/core/platform/cpu_feature_guard.cc:45] The TensorFlow library wasn't compiled to use AVX2 instructions, but these are available on your machine and could speed up CPU computations.
W tensorflow/core/platform/cpu_feature_guard.cc:45] The TensorFlow library wasn't compiled to use FMA instructions, but these are available on your machine and could speed up CPU computations.
I tensorflow/core/common_runtime/gpu/gpu_device.cc:885] Found device 0 with properties: 
name: Tesla M40
major: 5 minor: 2 memoryClockRate (GHz) 1.112
pciBusID 0000:82:00.0
Total memory: 11.17GiB
Free memory: 11.07GiB
I tensorflow/core/common_runtime/gpu/gpu_device.cc:906] DMA: 0 
I tensorflow/core/common_runtime/gpu/gpu_device.cc:916] 0:   Y 
I tensorflow/core/common_runtime/gpu/gpu_device.cc:975] Creating TensorFlow device (/gpu:0) -> (device: 0, name: Tesla M40, pci bus id: 0000:82:00.0)
======== MODEL/SUMMARY/WRITER ========
Creating Model.. (this can take a few minutes)
Created model with fresh parameters.
Creating ModelSummary
Creating tf.summary.FileWriter
======== All Variables ========
Variable:0
Variable_1:0
Variable_2:0
input_embeddiing:0
output_embeddiing:0
output_bias:0
rnn/multi_rnn_cell/cell_0/lstm_cell/weights:0
rnn/multi_rnn_cell/cell_0/lstm_cell/biases:0
rnn/multi_rnn_cell/cell_1/lstm_cell/weights:0
rnn/multi_rnn_cell/cell_1/lstm_cell/biases:0
input_embeddiing/Adagrad:0
output_embeddiing/Adagrad:0
output_bias/Adagrad:0
rnn/multi_rnn_cell/cell_0/lstm_cell/weights/Adagrad:0
rnn/multi_rnn_cell/cell_0/lstm_cell/biases/Adagrad:0
rnn/multi_rnn_cell/cell_1/lstm_cell/weights/Adagrad:0
rnn/multi_rnn_cell/cell_1/lstm_cell/biases/Adagrad:0
======== Data Iterators ========
Itetype: withRandom
======== TRAIN ========
[STEP 30] StepTime: 0.51 sec Speed: 3118.47 targets/s Total_targets: 1008548
[STEP 60] StepTime: 0.16 sec Speed: 9064.02 targets/s Total_targets: 1008548
[STEP 90] StepTime: 0.09 sec Speed: 17579.08 targets/s Total_targets: 1008548
[STEP 120] StepTime: 0.08 sec Speed: 17258.53 targets/s Total_targets: 1008548
[STEP 150] StepTime: 0.09 sec Speed: 17431.90 targets/s Total_targets: 1008548
[STEP 180] StepTime: 0.08 sec Speed: 16709.98 targets/s Total_targets: 1008548
[STEP 210] StepTime: 0.09 sec Speed: 17565.32 targets/s Total_targets: 1008548
[STEP 240] StepTime: 0.11 sec Speed: 16569.08 targets/s Total_targets: 1008548
[STEP 270] StepTime: 0.09 sec Speed: 16828.75 targets/s Total_targets: 1008548
[STEP 300] StepTime: 0.09 sec Speed: 17261.68 targets/s Total_targets: 1008548
[CHECKPOINT 1 STEP 328] Learning_rate: 0.5000 Dev_ppx: 282.33 Train_ppx: 607.10
[CHECKPOINT 1 STEP 328] Model saved using 0.56 sec at ../model/model_ptb/saved_model/model
[CHECKPOINT 1 STEP 328] Model saved using 0.57 sec at ../model/model_ptb/saved_model/best
[STEP 330] StepTime: 0.08 sec Speed: 17391.66 targets/s Total_targets: 1008548
[STEP 360] StepTime: 0.08 sec Speed: 17335.53 targets/s Total_targets: 1008548
[STEP 390] StepTime: 0.08 sec Speed: 17373.00 targets/s Total_targets: 1008548
[STEP 420] StepTime: 0.09 sec Speed: 17596.25 targets/s Total_targets: 1008548
[STEP 450] StepTime: 0.08 sec Speed: 17207.82 targets/s Total_targets: 1008548
[STEP 480] StepTime: 0.08 sec Speed: 17273.67 targets/s Total_targets: 1008548
[STEP 510] StepTime: 0.09 sec Speed: 17650.55 targets/s Total_targets: 1008548
[STEP 540] StepTime: 0.08 sec Speed: 16713.05 targets/s Total_targets: 1008548
[STEP 570] StepTime: 0.09 sec Speed: 17516.27 targets/s Total_targets: 1008548
[STEP 600] StepTime: 0.09 sec Speed: 17383.86 targets/s Total_targets: 1008548
[STEP 630] StepTime: 0.09 sec Speed: 17026.58 targets/s Total_targets: 1008548
[CHECKPOINT 2 STEP 656] Learning_rate: 0.5000 Dev_ppx: 192.44 Train_ppx: 247.74
[CHECKPOINT 2 STEP 656] Model saved using 0.13 sec at ../model/model_ptb/saved_model/model
[CHECKPOINT 2 STEP 656] Model saved using 0.17 sec at ../model/model_ptb/saved_model/best
[STEP 660] StepTime: 0.08 sec Speed: 16686.01 targets/s Total_targets: 1008548
[STEP 690] StepTime: 0.07 sec Speed: 16860.86 targets/s Total_targets: 1008548
[STEP 720] StepTime: 0.07 sec Speed: 17038.58 targets/s Total_targets: 1008548
[STEP 750] StepTime: 0.08 sec Speed: 17275.11 targets/s Total_targets: 1008548
[STEP 780] StepTime: 0.08 sec Speed: 16890.32 targets/s Total_targets: 1008548
[STEP 810] StepTime: 0.08 sec Speed: 17194.97 targets/s Total_targets: 1008548
[STEP 840] StepTime: 0.08 sec Speed: 17370.14 targets/s Total_targets: 1008548
[STEP 870] StepTime: 0.08 sec Speed: 17092.37 targets/s Total_targets: 1008548
[STEP 900] StepTime: 0.09 sec Speed: 15795.56 targets/s Total_targets: 1008548
[STEP 930] StepTime: 0.09 sec Speed: 17482.47 targets/s Total_targets: 1008548
[STEP 960] StepTime: 0.08 sec Speed: 16584.62 targets/s Total_targets: 1008548
[CHECKPOINT 3 STEP 984] Learning_rate: 0.5000 Dev_ppx: 166.15 Train_ppx: 194.86
[CHECKPOINT 3 STEP 984] Model saved using 0.16 sec at ../model/model_ptb/saved_model/model
[CHECKPOINT 3 STEP 984] Model saved using 0.17 sec at ../model/model_ptb/saved_model/best
[STEP 990] StepTime: 0.10 sec Speed: 16062.55 targets/s Total_targets: 1008548
[STEP 1020] StepTime: 0.08 sec Speed: 17413.77 targets/s Total_targets: 1008548
[STEP 1050] StepTime: 0.07 sec Speed: 16980.85 targets/s Total_targets: 1008548
[STEP 1080] StepTime: 0.08 sec Speed: 17121.20 targets/s Total_targets: 1008548
[STEP 1110] StepTime: 0.09 sec Speed: 17183.93 targets/s Total_targets: 1008548
[STEP 1140] StepTime: 0.08 sec Speed: 17153.10 targets/s Total_targets: 1008548
[STEP 1170] StepTime: 0.07 sec Speed: 16887.94 targets/s Total_targets: 1008548
[STEP 1200] StepTime: 0.09 sec Speed: 16294.95 targets/s Total_targets: 1008548
[STEP 1230] StepTime: 0.08 sec Speed: 16629.71 targets/s Total_targets: 1008548
[STEP 1260] StepTime: 0.09 sec Speed: 16796.30 targets/s Total_targets: 1008548
[STEP 1290] StepTime: 0.08 sec Speed: 16691.40 targets/s Total_targets: 1008548
[CHECKPOINT 4 STEP 1312] Learning_rate: 0.5000 Dev_ppx: 145.72 Train_ppx: 169.11
[CHECKPOINT 4 STEP 1312] Model saved using 0.16 sec at ../model/model_ptb/saved_model/model
[CHECKPOINT 4 STEP 1312] Model saved using 0.15 sec at ../model/model_ptb/saved_model/best
[STEP 1320] StepTime: 0.11 sec Speed: 16228.72 targets/s Total_targets: 1008548
[STEP 1350] StepTime: 0.09 sec Speed: 17347.16 targets/s Total_targets: 1008548
[STEP 1380] StepTime: 0.07 sec Speed: 17017.43 targets/s Total_targets: 1008548
[STEP 1410] StepTime: 0.10 sec Speed: 17012.06 targets/s Total_targets: 1008548
[STEP 1440] StepTime: 0.08 sec Speed: 17102.23 targets/s Total_targets: 1008548
[STEP 1470] StepTime: 0.07 sec Speed: 16736.59 targets/s Total_targets: 1008548
[STEP 1500] StepTime: 0.09 sec Speed: 17043.63 targets/s Total_targets: 1008548
[STEP 1530] StepTime: 0.10 sec Speed: 17068.07 targets/s Total_targets: 1008548
[STEP 1560] StepTime: 0.09 sec Speed: 17378.86 targets/s Total_targets: 1008548
[STEP 1590] StepTime: 0.09 sec Speed: 16807.12 targets/s Total_targets: 1008548
[STEP 1620] StepTime: 0.09 sec Speed: 17240.15 targets/s Total_targets: 1008548
[CHECKPOINT 5 STEP 1640] Learning_rate: 0.5000 Dev_ppx: 132.65 Train_ppx: 150.28
[CHECKPOINT 5 STEP 1640] Model saved using 0.12 sec at ../model/model_ptb/saved_model/model
[CHECKPOINT 5 STEP 1640] Model saved using 0.18 sec at ../model/model_ptb/saved_model/best
[STEP 1650] StepTime: 0.09 sec Speed: 17435.64 targets/s Total_targets: 1008548
[STEP 1680] StepTime: 0.08 sec Speed: 16359.01 targets/s Total_targets: 1008548
[STEP 1710] StepTime: 0.08 sec Speed: 16861.91 targets/s Total_targets: 1008548
[STEP 1740] StepTime: 0.10 sec Speed: 16268.96 targets/s Total_targets: 1008548
[STEP 1770] StepTime: 0.09 sec Speed: 17337.44 targets/s Total_targets: 1008548
[STEP 1800] StepTime: 0.10 sec Speed: 16720.50 targets/s Total_targets: 1008548
[STEP 1830] StepTime: 0.08 sec Speed: 17182.19 targets/s Total_targets: 1008548
[STEP 1860] StepTime: 0.09 sec Speed: 16929.28 targets/s Total_targets: 1008548
[STEP 1890] StepTime: 0.09 sec Speed: 16901.98 targets/s Total_targets: 1008548
[STEP 1920] StepTime: 0.07 sec Speed: 17017.21 targets/s Total_targets: 1008548
[STEP 1950] StepTime: 0.09 sec Speed: 17329.82 targets/s Total_targets: 1008548
[CHECKPOINT 6 STEP 1968] Learning_rate: 0.5000 Dev_ppx: 125.94 Train_ppx: 140.18
[CHECKPOINT 6 STEP 1968] Model saved using 0.18 sec at ../model/model_ptb/saved_model/model
[CHECKPOINT 6 STEP 1968] Model saved using 0.18 sec at ../model/model_ptb/saved_model/best
[STEP 1980] StepTime: 0.10 sec Speed: 16211.64 targets/s Total_targets: 1008548
[STEP 2010] StepTime: 0.09 sec Speed: 15976.69 targets/s Total_targets: 1008548
[STEP 2040] StepTime: 0.09 sec Speed: 16606.90 targets/s Total_targets: 1008548
[STEP 2070] StepTime: 0.09 sec Speed: 17304.82 targets/s Total_targets: 1008548
[STEP 2100] StepTime: 0.09 sec Speed: 16880.87 targets/s Total_targets: 1008548
[STEP 2130] StepTime: 0.08 sec Speed: 16553.06 targets/s Total_targets: 1008548
[STEP 2160] StepTime: 0.08 sec Speed: 16330.69 targets/s Total_targets: 1008548
[STEP 2190] StepTime: 0.09 sec Speed: 16128.17 targets/s Total_targets: 1008548
[STEP 2220] StepTime: 0.09 sec Speed: 17185.29 targets/s Total_targets: 1008548
[STEP 2250] StepTime: 0.08 sec Speed: 17173.24 targets/s Total_targets: 1008548
[STEP 2280] StepTime: 0.09 sec Speed: 17515.08 targets/s Total_targets: 1008548
[CHECKPOINT 7 STEP 2296] Learning_rate: 0.5000 Dev_ppx: 120.40 Train_ppx: 134.62
[CHECKPOINT 7 STEP 2296] Model saved using 0.18 sec at ../model/model_ptb/saved_model/model
[CHECKPOINT 7 STEP 2296] Model saved using 0.17 sec at ../model/model_ptb/saved_model/best
[STEP 2310] StepTime: 0.09 sec Speed: 16942.96 targets/s Total_targets: 1008548
[STEP 2340] StepTime: 0.09 sec Speed: 16994.79 targets/s Total_targets: 1008548
[STEP 2370] StepTime: 0.09 sec Speed: 16930.29 targets/s Total_targets: 1008548
[STEP 2400] StepTime: 0.09 sec Speed: 17362.21 targets/s Total_targets: 1008548
[STEP 2430] StepTime: 0.10 sec Speed: 16512.06 targets/s Total_targets: 1008548
[STEP 2460] StepTime: 0.08 sec Speed: 16948.07 targets/s Total_targets: 1008548
[STEP 2490] StepTime: 0.09 sec Speed: 16223.81 targets/s Total_targets: 1008548
[STEP 2520] StepTime: 0.08 sec Speed: 16791.15 targets/s Total_targets: 1008548
[STEP 2550] StepTime: 0.09 sec Speed: 16546.20 targets/s Total_targets: 1008548
[STEP 2580] StepTime: 0.08 sec Speed: 17399.27 targets/s Total_targets: 1008548
[STEP 2610] StepTime: 0.09 sec Speed: 17583.78 targets/s Total_targets: 1008548
[CHECKPOINT 8 STEP 2624] Learning_rate: 0.5000 Dev_ppx: 115.97 Train_ppx: 124.47
[CHECKPOINT 8 STEP 2624] Model saved using 0.18 sec at ../model/model_ptb/saved_model/model
[CHECKPOINT 8 STEP 2624] Model saved using 0.18 sec at ../model/model_ptb/saved_model/best
